Determining if the Q_WS_WIN exist failed with the following output:
Change Dir: /home/hj/work/dem/Delaunay_pic/build/CMakeFiles/CMakeTmp

Run Build Command:/usr/bin/make "cmTryCompileExec1722508021/fast"
/usr/bin/make -f CMakeFiles/cmTryCompileExec1722508021.dir/build.make CMakeFiles/cmTryCompileExec1722508021.dir/build
make[1]: Entering directory `/home/hj/work/dem/Delaunay_pic/build/CMakeFiles/CMakeTmp'
/usr/bin/cmake -E cmake_progress_report /home/hj/work/dem/Delaunay_pic/build/CMakeFiles/CMakeTmp/CMakeFiles 1
Building CXX object CMakeFiles/cmTryCompileExec1722508021.dir/CheckSymbolExists.cxx.o
/usr/bin/c++    -g -O2 -fstack-protector --param=ssp-buffer-size=4 -Wformat -Werror=format-security -D_FORTIFY_SOURCE=2  -frounding-math  -I/usr/include/qt4    -o CMakeFiles/cmTryCompileExec1722508021.dir/CheckSymbolExists.cxx.o -c /home/hj/work/dem/Delaunay_pic/build/CMakeFiles/CMakeTmp/CheckSymbolExists.cxx
/home/hj/work/dem/Delaunay_pic/build/CMakeFiles/CMakeTmp/CheckSymbolExists.cxx: In function ‘int main(int, char**)’:
/home/hj/work/dem/Delaunay_pic/build/CMakeFiles/CMakeTmp/CheckSymbolExists.cxx:8:19: error: ‘Q_WS_WIN’ was not declared in this scope
   return ((int*)(&Q_WS_WIN))[argc];
                   ^
make[1]: *** [CMakeFiles/cmTryCompileExec1722508021.dir/CheckSymbolExists.cxx.o] Error 1
make[1]: Leaving directory `/home/hj/work/dem/Delaunay_pic/build/CMakeFiles/CMakeTmp'
make: *** [cmTryCompileExec1722508021/fast] Error 2

File /home/hj/work/dem/Delaunay_pic/build/CMakeFiles/CMakeTmp/CheckSymbolExists.cxx:
/* */
#include <QtCore/qglobal.h>

int main(int argc, char** argv)
{
  (void)argv;
#ifndef Q_WS_WIN
  return ((int*)(&Q_WS_WIN))[argc];
#else
  (void)argc;
  return 0;
#endif
}

Determining if the Q_WS_QWS exist failed with the following output:
Change Dir: /home/hj/work/dem/Delaunay_pic/build/CMakeFiles/CMakeTmp

Run Build Command:/usr/bin/make "cmTryCompileExec976198233/fast"
/usr/bin/make -f CMakeFiles/cmTryCompileExec976198233.dir/build.make CMakeFiles/cmTryCompileExec976198233.dir/build
make[1]: Entering directory `/home/hj/work/dem/Delaunay_pic/build/CMakeFiles/CMakeTmp'
/usr/bin/cmake -E cmake_progress_report /home/hj/work/dem/Delaunay_pic/build/CMakeFiles/CMakeTmp/CMakeFiles 1
Building CXX object CMakeFiles/cmTryCompileExec976198233.dir/CheckSymbolExists.cxx.o
/usr/bin/c++    -g -O2 -fstack-protector --param=ssp-buffer-size=4 -Wformat -Werror=format-security -D_FORTIFY_SOURCE=2  -frounding-math  -I/usr/include/qt4    -o CMakeFiles/cmTryCompileExec976198233.dir/CheckSymbolExists.cxx.o -c /home/hj/work/dem/Delaunay_pic/build/CMakeFiles/CMakeTmp/CheckSymbolExists.cxx
/home/hj/work/dem/Delaunay_pic/build/CMakeFiles/CMakeTmp/CheckSymbolExists.cxx: In function ‘int main(int, char**)’:
/home/hj/work/dem/Delaunay_pic/build/CMakeFiles/CMakeTmp/CheckSymbolExists.cxx:8:19: error: ‘Q_WS_QWS’ was not declared in this scope
   return ((int*)(&Q_WS_QWS))[argc];
                   ^
make[1]: *** [CMakeFiles/cmTryCompileExec976198233.dir/CheckSymbolExists.cxx.o] Error 1
make[1]: Leaving directory `/home/hj/work/dem/Delaunay_pic/build/CMakeFiles/CMakeTmp'
make: *** [cmTryCompileExec976198233/fast] Error 2

File /home/hj/work/dem/Delaunay_pic/build/CMakeFiles/CMakeTmp/CheckSymbolExists.cxx:
/* */
#include <QtCore/qglobal.h>

int main(int argc, char** argv)
{
  (void)argv;
#ifndef Q_WS_QWS
  return ((int*)(&Q_WS_QWS))[argc];
#else
  (void)argc;
  return 0;
#endif
}

Determining if the Q_WS_MAC exist failed with the following output:
Change Dir: /home/hj/work/dem/Delaunay_pic/build/CMakeFiles/CMakeTmp

Run Build Command:/usr/bin/make "cmTryCompileExec3958607732/fast"
/usr/bin/make -f CMakeFiles/cmTryCompileExec3958607732.dir/build.make CMakeFiles/cmTryCompileExec3958607732.dir/build
make[1]: Entering directory `/home/hj/work/dem/Delaunay_pic/build/CMakeFiles/CMakeTmp'
/usr/bin/cmake -E cmake_progress_report /home/hj/work/dem/Delaunay_pic/build/CMakeFiles/CMakeTmp/CMakeFiles 1
Building CXX object CMakeFiles/cmTryCompileExec3958607732.dir/CheckSymbolExists.cxx.o
/usr/bin/c++    -g -O2 -fstack-protector --param=ssp-buffer-size=4 -Wformat -Werror=format-security -D_FORTIFY_SOURCE=2  -frounding-math  -I/usr/include/qt4    -o CMakeFiles/cmTryCompileExec3958607732.dir/CheckSymbolExists.cxx.o -c /home/hj/work/dem/Delaunay_pic/build/CMakeFiles/CMakeTmp/CheckSymbolExists.cxx
/home/hj/work/dem/Delaunay_pic/build/CMakeFiles/CMakeTmp/CheckSymbolExists.cxx: In function ‘int main(int, char**)’:
/home/hj/work/dem/Delaunay_pic/build/CMakeFiles/CMakeTmp/CheckSymbolExists.cxx:8:19: error: ‘Q_WS_MAC’ was not declared in this scope
   return ((int*)(&Q_WS_MAC))[argc];
                   ^
make[1]: Leaving directory `/home/hj/work/dem/Delaunay_pic/build/CMakeFiles/CMakeTmp'
make[1]: *** [CMakeFiles/cmTryCompileExec3958607732.dir/CheckSymbolExists.cxx.o] Error 1
make: *** [cmTryCompileExec3958607732/fast] Error 2

File /home/hj/work/dem/Delaunay_pic/build/CMakeFiles/CMakeTmp/CheckSymbolExists.cxx:
/* */
#include <QtCore/qglobal.h>

int main(int argc, char** argv)
{
  (void)argv;
#ifndef Q_WS_MAC
  return ((int*)(&Q_WS_MAC))[argc];
#else
  (void)argc;
  return 0;
#endif
}

