Determining if the Q_WS_WIN exist failed with the following output:
Change Dir: /home/hj/work/dem/build-Delaunay_pic-Desktop-Default/CMakeFiles/CMakeTmp

Run Build Command:/usr/bin/make "cmTryCompileExec1832979923/fast"
/usr/bin/make -f CMakeFiles/cmTryCompileExec1832979923.dir/build.make CMakeFiles/cmTryCompileExec1832979923.dir/build
make[1]: Entering directory `/home/hj/work/dem/build-Delaunay_pic-Desktop-Default/CMakeFiles/CMakeTmp'
/usr/bin/cmake -E cmake_progress_report /home/hj/work/dem/build-Delaunay_pic-Desktop-Default/CMakeFiles/CMakeTmp/CMakeFiles 1
Building CXX object CMakeFiles/cmTryCompileExec1832979923.dir/CheckSymbolExists.cxx.o
/usr/bin/g++    -O3 -std=c++0x  -I/usr/include/qt4    -o CMakeFiles/cmTryCompileExec1832979923.dir/CheckSymbolExists.cxx.o -c /home/hj/work/dem/build-Delaunay_pic-Desktop-Default/CMakeFiles/CMakeTmp/CheckSymbolExists.cxx
/home/hj/work/dem/build-Delaunay_pic-Desktop-Default/CMakeFiles/CMakeTmp/CheckSymbolExists.cxx: In function ‘int main(int, char**)’:
/home/hj/work/dem/build-Delaunay_pic-Desktop-Default/CMakeFiles/CMakeTmp/CheckSymbolExists.cxx:8:19: error: ‘Q_WS_WIN’ was not declared in this scope
   return ((int*)(&Q_WS_WIN))[argc];
                   ^
make[1]: Leaving directory `/home/hj/work/dem/build-Delaunay_pic-Desktop-Default/CMakeFiles/CMakeTmp'
make[1]: *** [CMakeFiles/cmTryCompileExec1832979923.dir/CheckSymbolExists.cxx.o] Error 1
make: *** [cmTryCompileExec1832979923/fast] Error 2

File /home/hj/work/dem/build-Delaunay_pic-Desktop-Default/CMakeFiles/CMakeTmp/CheckSymbolExists.cxx:
/* */
#include <QtCore/qglobal.h>

int main(int argc, char** argv)
{
  (void)argv;
#ifndef Q_WS_WIN
  return ((int*)(&Q_WS_WIN))[argc];
#else
  (void)argc;
  return 0;
#endif
}

Determining if the Q_WS_QWS exist failed with the following output:
Change Dir: /home/hj/work/dem/build-Delaunay_pic-Desktop-Default/CMakeFiles/CMakeTmp

Run Build Command:/usr/bin/make "cmTryCompileExec3628714006/fast"
/usr/bin/make -f CMakeFiles/cmTryCompileExec3628714006.dir/build.make CMakeFiles/cmTryCompileExec3628714006.dir/build
make[1]: Entering directory `/home/hj/work/dem/build-Delaunay_pic-Desktop-Default/CMakeFiles/CMakeTmp'
/usr/bin/cmake -E cmake_progress_report /home/hj/work/dem/build-Delaunay_pic-Desktop-Default/CMakeFiles/CMakeTmp/CMakeFiles 1
Building CXX object CMakeFiles/cmTryCompileExec3628714006.dir/CheckSymbolExists.cxx.o
/usr/bin/g++    -O3 -std=c++0x  -I/usr/include/qt4    -o CMakeFiles/cmTryCompileExec3628714006.dir/CheckSymbolExists.cxx.o -c /home/hj/work/dem/build-Delaunay_pic-Desktop-Default/CMakeFiles/CMakeTmp/CheckSymbolExists.cxx
/home/hj/work/dem/build-Delaunay_pic-Desktop-Default/CMakeFiles/CMakeTmp/CheckSymbolExists.cxx: In function ‘int main(int, char**)’:
/home/hj/work/dem/build-Delaunay_pic-Desktop-Default/CMakeFiles/CMakeTmp/CheckSymbolExists.cxx:8:19: error: ‘Q_WS_QWS’ was not declared in this scope
   return ((int*)(&Q_WS_QWS))[argc];
                   ^
make[1]: Leaving directory `/home/hj/work/dem/build-Delaunay_pic-Desktop-Default/CMakeFiles/CMakeTmp'
make[1]: *** [CMakeFiles/cmTryCompileExec3628714006.dir/CheckSymbolExists.cxx.o] Error 1
make: *** [cmTryCompileExec3628714006/fast] Error 2

File /home/hj/work/dem/build-Delaunay_pic-Desktop-Default/CMakeFiles/CMakeTmp/CheckSymbolExists.cxx:
/* */
#include <QtCore/qglobal.h>

int main(int argc, char** argv)
{
  (void)argv;
#ifndef Q_WS_QWS
  return ((int*)(&Q_WS_QWS))[argc];
#else
  (void)argc;
  return 0;
#endif
}

Determining if the Q_WS_MAC exist failed with the following output:
Change Dir: /home/hj/work/dem/build-Delaunay_pic-Desktop-Default/CMakeFiles/CMakeTmp

Run Build Command:/usr/bin/make "cmTryCompileExec2823815517/fast"
/usr/bin/make -f CMakeFiles/cmTryCompileExec2823815517.dir/build.make CMakeFiles/cmTryCompileExec2823815517.dir/build
make[1]: Entering directory `/home/hj/work/dem/build-Delaunay_pic-Desktop-Default/CMakeFiles/CMakeTmp'
/usr/bin/cmake -E cmake_progress_report /home/hj/work/dem/build-Delaunay_pic-Desktop-Default/CMakeFiles/CMakeTmp/CMakeFiles 1
Building CXX object CMakeFiles/cmTryCompileExec2823815517.dir/CheckSymbolExists.cxx.o
/usr/bin/g++    -O3 -std=c++0x  -I/usr/include/qt4    -o CMakeFiles/cmTryCompileExec2823815517.dir/CheckSymbolExists.cxx.o -c /home/hj/work/dem/build-Delaunay_pic-Desktop-Default/CMakeFiles/CMakeTmp/CheckSymbolExists.cxx
/home/hj/work/dem/build-Delaunay_pic-Desktop-Default/CMakeFiles/CMakeTmp/CheckSymbolExists.cxx: In function ‘int main(int, char**)’:
/home/hj/work/dem/build-Delaunay_pic-Desktop-Default/CMakeFiles/CMakeTmp/CheckSymbolExists.cxx:8:19: error: ‘Q_WS_MAC’ was not declared in this scope
   return ((int*)(&Q_WS_MAC))[argc];
                   ^
make[1]: Leaving directory `/home/hj/work/dem/build-Delaunay_pic-Desktop-Default/CMakeFiles/CMakeTmp'
make[1]: *** [CMakeFiles/cmTryCompileExec2823815517.dir/CheckSymbolExists.cxx.o] Error 1
make: *** [cmTryCompileExec2823815517/fast] Error 2

File /home/hj/work/dem/build-Delaunay_pic-Desktop-Default/CMakeFiles/CMakeTmp/CheckSymbolExists.cxx:
/* */
#include <QtCore/qglobal.h>

int main(int argc, char** argv)
{
  (void)argv;
#ifndef Q_WS_MAC
  return ((int*)(&Q_WS_MAC))[argc];
#else
  (void)argc;
  return 0;
#endif
}

